<?xml version="1.0" encoding="UTF-8" standalone="no"?>
<testsuite errors="0" failures="3" name="io.cucumber.core.plugin.JUnitFormatter" skipped="0" tests="19" time="612.173">
<testcase classname="F01_Register | users could register with new accounts" name="guest user could register with valid data successfully" time="106.518">
<system-out><![CDATA[Given user go to register page..............................................passed
When user select gender type................................................passed
And user enter first name "automation" and last name "tester"...............passed
And user enter date of birth................................................passed
And user enter email "test@example.com" field...............................passed
And user fills Password fields "P@ssw0rd" "P@ssw0rd"........................passed
And user clicks on register button..........................................passed
Then success message is displayed...........................................passed
]]></system-out>
</testcase>
<testcase classname="F02_Login | users could use login functionality to use their accounts" name="user could login with valid email and password" time="68.455">
<system-out><![CDATA[Given user go to login page.................................................passed
When user login with "valid" "test@example.com" and "P@ssw0rd"..............passed
And user press on login button..............................................passed
Then user login to the system successfully..................................passed
]]></system-out>
</testcase>
<testcase classname="F02_Login | users could use login functionality to use their accounts" name="user could login with invalid email and password" time="31.978">
<system-out><![CDATA[Given user go to login page.................................................passed
When user login with "invalid" "test@example.com" and "P@ssw0rd"............passed
And user press on login button..............................................passed
Then user could not login to the system.....................................passed
]]></system-out>
</testcase>
<testcase classname="F03  User could search home page products using Euro currency" name="User could switch between currencies US-Euro" time="29.351">
<system-out><![CDATA[When user select euro currency..............................................passed
Then user can find euro symbol displayed in home page products..............passed
]]></system-out>
</testcase>
<testcase classname="F04 User could search for any product" name="1 user could search using product name" time="16.861">
<system-out><![CDATA[When user clicks in search filed............................................passed
And user Type product name as "book"........................................passed
Then user find relevant products............................................passed
]]></system-out>
</testcase>
<testcase classname="F04 User could search for any product" name="1 user could search using product name 2" time="24.452">
<system-out><![CDATA[When user clicks in search filed............................................passed
And user Type product name as "laptop"......................................passed
Then user find relevant products............................................passed
]]></system-out>
</testcase>
<testcase classname="F04 User could search for any product" name="1 user could search using product name 3" time="17.354">
<system-out><![CDATA[When user clicks in search filed............................................passed
And user Type product name as "nike"........................................passed
Then user find relevant products............................................passed
]]></system-out>
</testcase>
<testcase classname="F04 User could search for any product" name="2&#9;user could search for product using sku" time="25.576">
<system-out><![CDATA[When user clicks in search filed............................................passed
And user Type product sku as "SCI_FAITH"....................................passed
Then "SCI_FAITH" shown in result page.......................................passed
]]></system-out>
</testcase>
<testcase classname="F04 User could search for any product" name="2&#9;user could search for product using sku 2" time="30.899">
<system-out><![CDATA[When user clicks in search filed............................................passed
And user Type product sku as "APPLE_CAM"....................................passed
Then "APPLE_CAM" shown in result page.......................................passed
]]></system-out>
</testcase>
<testcase classname="F04 User could search for any product" name="2&#9;user could search for product using sku 3" time="27.613">
<system-out><![CDATA[When user clicks in search filed............................................passed
And user Type product sku as "SF_PRO_11"....................................passed
Then "SF_PRO_11" shown in result page.......................................passed
]]></system-out>
</testcase>
<testcase classname="F05  user could hover categories and select sub Category" name="user could hover categories" time="19.511">
<system-out><![CDATA[When user could hover categories and select sub Category....................passed
]]></system-out>
</testcase>
<testcase classname="F06_user could select home page sliders" name="2:  first slider is clickable on home page" time="27.387">
<failure message="expected [https://demo.nopcommerce.com/nokia-lumia-1020] but found [https://demo.nopcommerce.com/]" type="java.lang.AssertionError"><![CDATA[When user clicks on first slider............................................passed
And user select product of first slider.....................................passed
Then user go to first product page..........................................failed

StackTrace:
java.lang.AssertionError: expected [https://demo.nopcommerce.com/nokia-lumia-1020] but found [https://demo.nopcommerce.com/]
	at org.testng.Assert.fail(Assert.java:110)
	at org.testng.Assert.failNotEquals(Assert.java:1413)
	at org.testng.Assert.assertEqualsImpl(Assert.java:149)
	at org.testng.Assert.assertEquals(Assert.java:131)
	at org.testng.Assert.assertEquals(Assert.java:655)
	at org.testng.Assert.assertEquals(Assert.java:665)
	at org.example.pages.P03_homePage.getFirstSliderProductUrl(P03_homePage.java:163)
	at org.example.stepDefs.D06_homeSlidersStepDef.user_go_first_product_page(D06_homeSlidersStepDef.java:23)
	at ✽.user go to first product page(file:///C:/Users/maoza/IdeaProjects/demonopcommerce/src/main/resources/features/F06_homeSliders.feature:6)
]]></failure>
</testcase>
<testcase classname="F06_user could select home page sliders" name="2: second slider is clickable on home page" time="18.113">
<failure message="expected [https://demo.nopcommerce.com/iphone-6] but found [https://demo.nopcommerce.com/]" type="java.lang.AssertionError"><![CDATA[When user clicks on second slider...........................................passed
And user select product of Second slider....................................passed
Then user go to second product page.........................................failed

StackTrace:
java.lang.AssertionError: expected [https://demo.nopcommerce.com/iphone-6] but found [https://demo.nopcommerce.com/]
	at org.testng.Assert.fail(Assert.java:110)
	at org.testng.Assert.failNotEquals(Assert.java:1413)
	at org.testng.Assert.assertEqualsImpl(Assert.java:149)
	at org.testng.Assert.assertEquals(Assert.java:131)
	at org.testng.Assert.assertEquals(Assert.java:655)
	at org.testng.Assert.assertEquals(Assert.java:665)
	at org.example.pages.P03_homePage.getSecondSliderProductUrl(P03_homePage.java:191)
	at org.example.stepDefs.D06_homeSlidersStepDef.user_go_second_product_page(D06_homeSlidersStepDef.java:38)
	at ✽.user go to second product page(file:///C:/Users/maoza/IdeaProjects/demonopcommerce/src/main/resources/features/F06_homeSliders.feature:11)
]]></failure>
</testcase>
<testcase classname="F07_user could follow social media links" name="1:  user opens facebook link" time="38.053">
<system-out><![CDATA[When user opens facebook link...............................................passed
And facebook "https://www.facebook.com/nopCommerce" is opened in new tab....passed
]]></system-out>
</testcase>
<testcase classname="F07_user could follow social media links" name="2:  user opens twitter link" time="30.48">
<system-out><![CDATA[And user opens twitter link.................................................passed
And twitter "https://twitter.com/nopCommerce" is opened in new tab..........passed
]]></system-out>
</testcase>
<testcase classname="F07_user could follow social media links" name="3:  user opens rss link" time="15.055">
<failure message="Index: 1, Size: 1" type="java.lang.IndexOutOfBoundsException"><![CDATA[And user opens rss link.....................................................passed
And rss "https://demo.nopcommerce.com/new-online-store-is-open" is opened in new tab.failed

StackTrace:
java.lang.IndexOutOfBoundsException: Index: 1, Size: 1
	at java.util.ArrayList.rangeCheck(ArrayList.java:659)
	at java.util.ArrayList.get(ArrayList.java:435)
	at org.example.stepDefs.D07_followUsStepDef.rss_opened_in_new_tab(D07_followUsStepDef.java:66)
	at ✽.rss "https://demo.nopcommerce.com/new-online-store-is-open" is opened in new tab(file:///C:/Users/maoza/IdeaProjects/demonopcommerce/src/main/resources/features/F07_followUs.feature:17)
]]></failure>
</testcase>
<testcase classname="F07_user could follow social media links" name="4:  user opens youtube link" time="37.193">
<system-out><![CDATA[And user opens youtube link.................................................passed
Then youtube "https://www.youtube.com/user/nopCommerce" is opened in new tab.passed
]]></system-out>
</testcase>
<testcase classname="F08_user could add products to wishlist" name="success message is visible after adding product to wishlist" time="27.786">
<system-out><![CDATA[When user add product to wishlist...........................................passed
Then wishlist notification success is visible...............................passed
]]></system-out>
</testcase>
<testcase classname="F08_user could add products to wishlist" name="added product is displayed in wishlist page" time="18.956">
<system-out><![CDATA[When user add product to wishlist again.....................................passed
Then wishlist notification success is visible...............................passed
And user go to wishlist page................................................passed
Then number of quantity is greater than zero in wishlist page...............passed
]]></system-out>
</testcase>
</testsuite>
