<?xml version="1.0" encoding="UTF-8"?>
<!-- Generated by org.testng.reporters.JUnitReportReporter -->
<testsuite skipped="0" hostname="AboOmar" name="org.example.testRunner.Runners" tests="15" failures="2" timestamp="2022-07-26T14:46:07 EET" time="294.238" errors="1">
  <testcase name="runScenario" time="16.826" classname="org.example.testRunner.Runners"/>
  <system-out/>
  <testcase name="runScenario" time="48.476" classname="org.example.testRunner.Runners"/>
  <system-out/>
  <testcase name="runScenario" time="24.138" classname="org.example.testRunner.Runners"/>
  <system-out/>
  <testcase name="runScenario" time="18.375" classname="org.example.testRunner.Runners">
    <failure type="java.lang.AssertionError" message="expected [https://demo.nopcommerce.com/iphone-6] but found [https://demo.nopcommerce.com/]">
      <![CDATA[java.lang.AssertionError: expected [https://demo.nopcommerce.com/iphone-6] but found [https://demo.nopcommerce.com/]
at org.testng.Assert.fail(Assert.java:110)
at org.testng.Assert.failNotEquals(Assert.java:1413)
at org.testng.Assert.assertEqualsImpl(Assert.java:149)
at org.testng.Assert.assertEquals(Assert.java:131)
at org.testng.Assert.assertEquals(Assert.java:655)
at org.testng.Assert.assertEquals(Assert.java:665)
at org.example.pages.P03_homePage.getSecondSliderProductUrl(P03_homePage.java:188)
at org.example.stepDefs.D06_homeSlidersStepDef.user_go_second_product_page(D06_homeSlidersStepDef.java:38)
at ✽.user go to second product page(file:///C:/Users/maoza/IdeaProjects/demonopcommerce/src/main/resources/features/F06_homeSliders.feature:11)
]]>
    </failure>
  </testcase> <!-- runScenario -->
  <system-out/>
  <testcase name="runScenario" time="21.251" classname="org.example.testRunner.Runners"/>
  <system-out/>
  <testcase name="runScenario" time="25.020" classname="org.example.testRunner.Runners"/>
  <system-out/>
  <testcase name="runScenario" time="12.333" classname="org.example.testRunner.Runners">
    <error type="java.lang.IndexOutOfBoundsException" message="Index: 5, Size: 3">
      <![CDATA[java.lang.IndexOutOfBoundsException: Index: 5, Size: 3
at java.util.ArrayList.rangeCheck(ArrayList.java:659)
at java.util.ArrayList.get(ArrayList.java:435)
at org.example.pages.P03_homePage.hoverCategories(P03_homePage.java:123)
at org.example.stepDefs.D05_hoverCategoriesStepDef.user_hover_categories(D05_hoverCategoriesStepDef.java:13)
at ✽.user could hover categories and select sub Category(file:///C:/Users/maoza/IdeaProjects/demonopcommerce/src/main/resources/features/F05_hoverCategories.feature:4)
]]>
    </error>
  </testcase> <!-- runScenario -->
  <system-out/>
  <testcase name="runScenario" time="17.755" classname="org.example.testRunner.Runners"/>
  <system-out/>
  <testcase name="runScenario" time="17.587" classname="org.example.testRunner.Runners"/>
  <system-out/>
  <testcase name="runScenario" time="14.418" classname="org.example.testRunner.Runners"/>
  <system-out/>
  <testcase name="runScenario" time="12.008" classname="org.example.testRunner.Runners"/>
  <system-out/>
  <testcase name="runScenario" time="23.195" classname="org.example.testRunner.Runners"/>
  <system-out/>
  <testcase name="runScenario" time="18.464" classname="org.example.testRunner.Runners"/>
  <system-out/>
  <testcase name="runScenario" time="11.159" classname="org.example.testRunner.Runners"/>
  <system-out/>
  <testcase name="runScenario" time="13.233" classname="org.example.testRunner.Runners">
    <failure type="java.lang.AssertionError" message="expected [https://demo.nopcommerce.com/nokia-lumia-1020] but found [https://demo.nopcommerce.com/]">
      <![CDATA[java.lang.AssertionError: expected [https://demo.nopcommerce.com/nokia-lumia-1020] but found [https://demo.nopcommerce.com/]
at org.testng.Assert.fail(Assert.java:110)
at org.testng.Assert.failNotEquals(Assert.java:1413)
at org.testng.Assert.assertEqualsImpl(Assert.java:149)
at org.testng.Assert.assertEquals(Assert.java:131)
at org.testng.Assert.assertEquals(Assert.java:655)
at org.testng.Assert.assertEquals(Assert.java:665)
at org.example.pages.P03_homePage.getFirstSliderProductUrl(P03_homePage.java:160)
at org.example.stepDefs.D06_homeSlidersStepDef.user_go_first_product_page(D06_homeSlidersStepDef.java:23)
at ✽.user go to first product page(file:///C:/Users/maoza/IdeaProjects/demonopcommerce/src/main/resources/features/F06_homeSliders.feature:6)
]]>
    </failure>
  </testcase> <!-- runScenario -->
  <system-out/>
</testsuite> <!-- org.example.testRunner.Runners -->
